/group/hepheno/heptools/anaconda3/envs/venv_py27/lib/python2.7/site-packages/matplotlib/__init__.py:513: UserWarning: matplotlibrc text.usetex option can not be used unless TeX-3.1415 or later is installed on your system
  'installed on your system') % tex_req)
**************************************************
*                     MIGRAD                     *
**************************************************

/group/hepheno/smsharma/GCE-2FIG-bsafdi-lfs/run/run.py:180: RuntimeWarning: fcn returns Nan
fcn is called with following arguments:
    N_disk = +1000000.000000
        z0 = +1.005000
      beta = +2.050000

  self.m.migrad()
/group/hepheno/smsharma/GCE-2FIG-bsafdi-lfs/run/run.py:180: RuntimeWarning: fcn returns Nan
fcn is called with following arguments:
    N_disk = +nan
        z0 = +1.005000
      beta = +2.050000

  self.m.migrad()
/group/hepheno/smsharma/GCE-2FIG-bsafdi-lfs/run/run.py:180: RuntimeWarning: fcn returns Nan
fcn is called with following arguments:
    N_disk = +1000000.000000
        z0 = +nan
      beta = +2.050000

  self.m.migrad()
/group/hepheno/smsharma/GCE-2FIG-bsafdi-lfs/run/run.py:180: RuntimeWarning: fcn returns Nan
fcn is called with following arguments:
    N_disk = +1000000.000000
        z0 = +1.005000
      beta = +nan

  self.m.migrad()
/group/hepheno/smsharma/GCE-2FIG-bsafdi-lfs/run/run.py:180: RuntimeWarning: fcn returns Nan
fcn is called with following arguments:
    N_disk = -nan
        z0 = -nan
      beta = -nan

  self.m.migrad()
**********************************************************************
---------------------------------------------------------------------------------------
fval = nan | total call = 48 | ncalls = 48
edm = nan (Goal: 1e-05) | up = 1.0
---------------------------------------------------------------------------------------
|          Valid |    Valid Param | Accurate Covar |         Posdef |    Made Posdef |
---------------------------------------------------------------------------------------
|           True |           True |          False |           True |          False |
---------------------------------------------------------------------------------------
|     Hesse Fail |        Has Cov |      Above EDM |                |  Reach calllim |
---------------------------------------------------------------------------------------
|          False |           True |          False |            u'' |          False |
---------------------------------------------------------------------------------------

-----------------------------------------------------------------------------------------------
|      |  Name  |  Value   | Para Err |   Err-   |   Err+   |  Limit-  |  Limit+  |          |
-----------------------------------------------------------------------------------------------
|    0 | N_disk =  NAN     |  NAN     |          |          |  0       |  2E+06   |          |
|    1 |     z0 =  NAN     |  NAN     |          |          |  0.01    |  2       |          |
|    2 |   beta =  NAN     |  NAN     |          |          |  1.1     |  3       |          |
-----------------------------------------------------------------------------------------------

**********************************************************************
**************************************************
*                     MIGRAD                     *
**************************************************

/group/hepheno/smsharma/GCE-2FIG-bsafdi-lfs/run/run.py:180: RuntimeWarning: fcn returns Nan
fcn is called with following arguments:
    N_bulge = +1000000.000000
     N_disk = +1000000.000000
         z0 = +1.005000
       beta = +2.050000

  self.m.migrad()
/group/hepheno/smsharma/GCE-2FIG-bsafdi-lfs/run/run.py:180: RuntimeWarning: fcn returns Nan
fcn is called with following arguments:
    N_bulge = +nan
     N_disk = +1000000.000000
         z0 = +1.005000
       beta = +2.050000

  self.m.migrad()
/group/hepheno/smsharma/GCE-2FIG-bsafdi-lfs/run/run.py:180: RuntimeWarning: fcn returns Nan
fcn is called with following arguments:
    N_bulge = +1000000.000000
     N_disk = +nan
         z0 = +1.005000
       beta = +2.050000

  self.m.migrad()
/group/hepheno/smsharma/GCE-2FIG-bsafdi-lfs/run/run.py:180: RuntimeWarning: fcn returns Nan
fcn is called with following arguments:
    N_bulge = +1000000.000000
     N_disk = +1000000.000000
         z0 = +nan
       beta = +2.050000

  self.m.migrad()
/group/hepheno/smsharma/GCE-2FIG-bsafdi-lfs/run/run.py:180: RuntimeWarning: fcn returns Nan
fcn is called with following arguments:
    N_bulge = +1000000.000000
     N_disk = +1000000.000000
         z0 = +1.005000
       beta = +nan

  self.m.migrad()
/group/hepheno/smsharma/GCE-2FIG-bsafdi-lfs/run/run.py:180: RuntimeWarning: fcn returns Nan
fcn is called with following arguments:
    N_bulge = -nan
     N_disk = -nan
         z0 = -nan
       beta = -nan

  self.m.migrad()
**********************************************************************
---------------------------------------------------------------------------------------
fval = nan | total call = 60 | ncalls = 60
edm = nan (Goal: 1e-05) | up = 1.0
---------------------------------------------------------------------------------------
|          Valid |    Valid Param | Accurate Covar |         Posdef |    Made Posdef |
---------------------------------------------------------------------------------------
|           True |           True |          False |           True |          False |
---------------------------------------------------------------------------------------
|     Hesse Fail |        Has Cov |      Above EDM |                |  Reach calllim |
---------------------------------------------------------------------------------------
|          False |           True |          False |            u'' |          False |
---------------------------------------------------------------------------------------

------------------------------------------------------------------------------------------------
|      |  Name   |  Value   | Para Err |   Err-   |   Err+   |  Limit-  |  Limit+  |          |
------------------------------------------------------------------------------------------------
|    0 | N_bulge =  NAN     |  NAN     |          |          |  0       |  2E+06   |          |
|    1 |  N_disk =  NAN     |  NAN     |          |          |  0       |  2E+06   |          |
|    2 |      z0 =  NAN     |  NAN     |          |          |  0.01    |  2       |          |
|    3 |    beta =  NAN     |  NAN     |          |          |  1.1     |  3       |          |
------------------------------------------------------------------------------------------------

**********************************************************************
TS =  nan
nan sigma
**************************************************
*                     MIGRAD                     *
**************************************************

**********************************************************************
---------------------------------------------------------------------------------------
fval = 290.4294062747228 | total call = 1461 | ncalls = 1461
edm = 5.9180727459956164e-05 (Goal: 1e-05) | up = 1.0
---------------------------------------------------------------------------------------
|          Valid |    Valid Param | Accurate Covar |         Posdef |    Made Posdef |
---------------------------------------------------------------------------------------
|           True |           True |           True |           True |          False |
---------------------------------------------------------------------------------------
|     Hesse Fail |        Has Cov |      Above EDM |                |  Reach calllim |
---------------------------------------------------------------------------------------
|          False |           True |          False |            u'' |          False |
---------------------------------------------------------------------------------------

------------------------------------------------------------------------------------------------
|      |  Name   |  Value   | Para Err |   Err-   |   Err+   |  Limit-  |  Limit+  |          |
------------------------------------------------------------------------------------------------
|    0 | N_bulge =  2.978E+06 |  2.241E+06 |          |          |  0       |  3E+06   |          |
|    1 |  N_disk =  7.262E+05 |  1.855E+05 |          |          |  0       |  3E+06   |          |
|    2 |   alpha =  2.977   |  0.0186  |          |          |  2.1     |  3       |          |
|    3 |      z0 =  0.09416 |  0.04604 |          |          |  0.01    |  2       |          |
|    4 |    beta =  2       |  0.08322 |          |          |  1.1     |  2       |          |
------------------------------------------------------------------------------------------------

**********************************************************************
TS =  nan
nan sigma
