/group/hepheno/heptools/anaconda3/envs/venv_py27/lib/python2.7/site-packages/matplotlib/__init__.py:513: UserWarning: matplotlibrc text.usetex option can not be used unless TeX-3.1415 or later is installed on your system
  'installed on your system') % tex_req)
/group/hepheno/heptools/anaconda3/envs/venv_py27/lib/python2.7/site-packages/matplotlib/__init__.py:513: UserWarning: matplotlibrc text.usetex option can not be used unless TeX-3.1415 or later is installed on your system
  'installed on your system') % tex_req)
/group/hepheno/heptools/anaconda3/envs/venv_py27/lib/python2.7/site-packages/matplotlib/__init__.py:513: UserWarning: matplotlibrc text.usetex option can not be used unless TeX-3.1415 or later is installed on your system
  'installed on your system') % tex_req)
/group/hepheno/heptools/anaconda3/envs/venv_py27/lib/python2.7/site-packages/matplotlib/__init__.py:513: UserWarning: matplotlibrc text.usetex option can not be used unless TeX-3.1415 or later is installed on your system
  'installed on your system') % tex_req)
/group/hepheno/heptools/anaconda3/envs/venv_py27/lib/python2.7/site-packages/matplotlib/__init__.py:513: UserWarning: matplotlibrc text.usetex option can not be used unless TeX-3.1415 or later is installed on your system
  'installed on your system') % tex_req)
/group/hepheno/heptools/anaconda3/envs/venv_py27/lib/python2.7/site-packages/matplotlib/__init__.py:513: UserWarning: matplotlibrc text.usetex option can not be used unless TeX-3.1415 or later is installed on your system
  'installed on your system') % tex_req)
 *****************************************************
 MultiNest v3.10
 Copyright Farhan Feroz & Mike Hobson
 Release Jul 2015

 no. of live points =  100
 dimensionality =    5
 *****************************************************
 Starting MultiNest
 generating live points
 live points generated, starting sampling
Acceptance Rate:                        0.961538
Replacements:                                150
Total Samples:                               156
Nested Sampling ln(Z):             -23183.129345
Acceptance Rate:                        0.743494
Replacements:                                200
Total Samples:                               269
Nested Sampling ln(Z):              -2390.497459
Acceptance Rate:                        0.493097
Replacements:                                250
Total Samples:                               507
Nested Sampling ln(Z):               -897.046010
Acceptance Rate:                        0.418410
Replacements:                                300
Total Samples:                               717
Nested Sampling ln(Z):               -613.792389
Acceptance Rate:                        0.433168
Replacements:                                350
Total Samples:                               808
Nested Sampling ln(Z):               -485.027138
Acceptance Rate:                        0.440044
Replacements:                                400
Total Samples:                               909
Nested Sampling ln(Z):               -405.855604
Acceptance Rate:                        0.442478
Replacements:                                450
Total Samples:                              1017
Nested Sampling ln(Z):               -358.181916
Acceptance Rate:                        0.434028
Replacements:                                500
Total Samples:                              1152
Nested Sampling ln(Z):               -336.547138
Acceptance Rate:                        0.423077
Replacements:                                550
Total Samples:                              1300
Nested Sampling ln(Z):               -326.649245
Acceptance Rate:                        0.413508
Replacements:                                600
Total Samples:                              1451
Nested Sampling ln(Z):               -322.193429
Acceptance Rate:                        0.403476
Replacements:                                650
Total Samples:                              1611
Nested Sampling ln(Z):               -318.608023
Acceptance Rate:                        0.396601
Replacements:                                700
Total Samples:                              1765
Nested Sampling ln(Z):               -314.815512
Acceptance Rate:                        0.397878
Replacements:                                750
Total Samples:                              1885
Nested Sampling ln(Z):               -311.210080
Acceptance Rate:                        0.387034
Replacements:                                800
Total Samples:                              2067
Nested Sampling ln(Z):               -308.054817
Acceptance Rate:                        0.380313
Replacements:                                850
Total Samples:                              2235
Nested Sampling ln(Z):               -306.109168
Acceptance Rate:                        0.369762
Replacements:                                900
Total Samples:                              2434
Nested Sampling ln(Z):               -304.541618
Acceptance Rate:                        0.359712
Replacements:                                950
Total Samples:                              2641
Nested Sampling ln(Z):               -303.501210
Acceptance Rate:                        0.349528
Replacements:                               1000
Total Samples:                              2861
Nested Sampling ln(Z):               -302.709393
Acceptance Rate:                        0.335035
Replacements:                               1050
Total Samples:                              3134
Nested Sampling ln(Z):               -302.211801
Acceptance Rate:                        0.326119
Replacements:                               1100
Total Samples:                              3373
Nested Sampling ln(Z):               -301.810957
Acceptance Rate:                        0.316717
Replacements:                               1150
Total Samples:                              3631
Nested Sampling ln(Z):               -301.535655
Acceptance Rate:                        0.307220
Replacements:                               1200
Total Samples:                              3906
Nested Sampling ln(Z):               -301.333724
Acceptance Rate:                        0.303030
Replacements:                               1250
Total Samples:                              4125
Nested Sampling ln(Z):               -301.187742
Acceptance Rate:                        0.300357
Replacements:                               1263
Total Samples:                              4205
Nested Sampling ln(Z):               -301.158609
 ln(ev)=  -300.89600076229846      +/-  0.29517313549492818     
 Total Likelihood Evaluations:         4205
 Sampling finished. Exiting MultiNest
