/group/hepheno/heptools/anaconda3/envs/venv_py27/lib/python2.7/site-packages/matplotlib/__init__.py:513: UserWarning: matplotlibrc text.usetex option can not be used unless TeX-3.1415 or later is installed on your system
  'installed on your system') % tex_req)
/group/hepheno/heptools/anaconda3/envs/venv_py27/lib/python2.7/site-packages/matplotlib/__init__.py:513: UserWarning: matplotlibrc text.usetex option can not be used unless TeX-3.1415 or later is installed on your system
  'installed on your system') % tex_req)
/group/hepheno/heptools/anaconda3/envs/venv_py27/lib/python2.7/site-packages/matplotlib/__init__.py:513: UserWarning: matplotlibrc text.usetex option can not be used unless TeX-3.1415 or later is installed on your system
  'installed on your system') % tex_req)
/group/hepheno/heptools/anaconda3/envs/venv_py27/lib/python2.7/site-packages/matplotlib/__init__.py:513: UserWarning: matplotlibrc text.usetex option can not be used unless TeX-3.1415 or later is installed on your system
  'installed on your system') % tex_req)
/group/hepheno/heptools/anaconda3/envs/venv_py27/lib/python2.7/site-packages/matplotlib/__init__.py:513: UserWarning: matplotlibrc text.usetex option can not be used unless TeX-3.1415 or later is installed on your system
  'installed on your system') % tex_req)
/group/hepheno/heptools/anaconda3/envs/venv_py27/lib/python2.7/site-packages/matplotlib/__init__.py:513: UserWarning: matplotlibrc text.usetex option can not be used unless TeX-3.1415 or later is installed on your system
  'installed on your system') % tex_req)
 *****************************************************
 MultiNest v3.10
 Copyright Farhan Feroz & Mike Hobson
 Release Jul 2015

 no. of live points =  100
 dimensionality =    4
 *****************************************************
 Starting MultiNest
 generating live points
 live points generated, starting sampling
Acceptance Rate:                        0.920245
Replacements:                                150
Total Samples:                               163
Nested Sampling ln(Z):             -23552.021978
Acceptance Rate:                        0.775194
Replacements:                                200
Total Samples:                               258
Nested Sampling ln(Z):              -2789.204530
Acceptance Rate:                        0.570776
Replacements:                                250
Total Samples:                               438
Nested Sampling ln(Z):               -929.350454
Acceptance Rate:                        0.462963
Replacements:                                300
Total Samples:                               648
Nested Sampling ln(Z):               -546.682526
Acceptance Rate:                        0.460526
Replacements:                                350
Total Samples:                               760
Nested Sampling ln(Z):               -434.433093
Acceptance Rate:                        0.443951
Replacements:                                400
Total Samples:                               901
Nested Sampling ln(Z):               -379.462239
Acceptance Rate:                        0.435624
Replacements:                                450
Total Samples:                              1033
Nested Sampling ln(Z):               -355.863965
Acceptance Rate:                        0.430293
Replacements:                                500
Total Samples:                              1162
Nested Sampling ln(Z):               -338.491151
Acceptance Rate:                        0.430023
Replacements:                                550
Total Samples:                              1279
Nested Sampling ln(Z):               -327.436704
Acceptance Rate:                        0.420463
Replacements:                                600
Total Samples:                              1427
Nested Sampling ln(Z):               -321.370297
Acceptance Rate:                        0.397311
Replacements:                                650
Total Samples:                              1636
Nested Sampling ln(Z):               -317.840393
Acceptance Rate:                        0.385463
Replacements:                                700
Total Samples:                              1816
Nested Sampling ln(Z):               -313.311586
Acceptance Rate:                        0.368550
Replacements:                                750
Total Samples:                              2035
Nested Sampling ln(Z):               -309.421640
Acceptance Rate:                        0.357942
Replacements:                                800
Total Samples:                              2235
Nested Sampling ln(Z):               -307.086638
Acceptance Rate:                        0.338780
Replacements:                                850
Total Samples:                              2509
Nested Sampling ln(Z):               -305.204447
Acceptance Rate:                        0.325615
Replacements:                                900
Total Samples:                              2764
Nested Sampling ln(Z):               -303.853761
Acceptance Rate:                        0.311169
Replacements:                                950
Total Samples:                              3053
Nested Sampling ln(Z):               -302.848087
Acceptance Rate:                        0.297354
Replacements:                               1000
Total Samples:                              3363
Nested Sampling ln(Z):               -302.228597
Acceptance Rate:                        0.281124
Replacements:                               1050
Total Samples:                              3735
Nested Sampling ln(Z):               -301.772333
Acceptance Rate:                        0.266473
Replacements:                               1100
Total Samples:                              4128
Nested Sampling ln(Z):               -301.438272
Acceptance Rate:                        0.259243
Replacements:                               1150
Total Samples:                              4436
Nested Sampling ln(Z):               -301.229683

 MultiNest Warning!
 Parameter            3  of mode            1  is converging towards the edge of the prior.
Acceptance Rate:                        0.247117
Replacements:                               1200
Total Samples:                              4856
Nested Sampling ln(Z):               -301.083198
Acceptance Rate:                        0.244619
Replacements:                               1216
Total Samples:                              4971
Nested Sampling ln(Z):               -301.046943
 ln(ev)=  -300.78672117957365      +/-  0.28892018245140372     
 Total Likelihood Evaluations:         4971
 Sampling finished. Exiting MultiNest
