/group/hepheno/heptools/anaconda3/envs/venv_py27/lib/python2.7/site-packages/matplotlib/__init__.py:513: UserWarning: matplotlibrc text.usetex option can not be used unless TeX-3.1415 or later is installed on your system
  'installed on your system') % tex_req)
/group/hepheno/heptools/anaconda3/envs/venv_py27/lib/python2.7/site-packages/matplotlib/__init__.py:513: UserWarning: matplotlibrc text.usetex option can not be used unless TeX-3.1415 or later is installed on your system
  'installed on your system') % tex_req)
/group/hepheno/heptools/anaconda3/envs/venv_py27/lib/python2.7/site-packages/matplotlib/__init__.py:513: UserWarning: matplotlibrc text.usetex option can not be used unless TeX-3.1415 or later is installed on your system
  'installed on your system') % tex_req)
/group/hepheno/heptools/anaconda3/envs/venv_py27/lib/python2.7/site-packages/matplotlib/__init__.py:513: UserWarning: matplotlibrc text.usetex option can not be used unless TeX-3.1415 or later is installed on your system
  'installed on your system') % tex_req)
/group/hepheno/heptools/anaconda3/envs/venv_py27/lib/python2.7/site-packages/matplotlib/__init__.py:513: UserWarning: matplotlibrc text.usetex option can not be used unless TeX-3.1415 or later is installed on your system
  'installed on your system') % tex_req)
/group/hepheno/heptools/anaconda3/envs/venv_py27/lib/python2.7/site-packages/matplotlib/__init__.py:513: UserWarning: matplotlibrc text.usetex option can not be used unless TeX-3.1415 or later is installed on your system
  'installed on your system') % tex_req)
/group/hepheno/heptools/anaconda3/envs/venv_py27/lib/python2.7/site-packages/matplotlib/__init__.py:513: UserWarning: matplotlibrc text.usetex option can not be used unless TeX-3.1415 or later is installed on your system
  'installed on your system') % tex_req)
/group/hepheno/heptools/anaconda3/envs/venv_py27/lib/python2.7/site-packages/matplotlib/__init__.py:513: UserWarning: matplotlibrc text.usetex option can not be used unless TeX-3.1415 or later is installed on your system
  'installed on your system') % tex_req)
/group/hepheno/heptools/anaconda3/envs/venv_py27/lib/python2.7/site-packages/matplotlib/__init__.py:513: UserWarning: matplotlibrc text.usetex option can not be used unless TeX-3.1415 or later is installed on your system
  'installed on your system') % tex_req)
/group/hepheno/heptools/anaconda3/envs/venv_py27/lib/python2.7/site-packages/matplotlib/__init__.py:513: UserWarning: matplotlibrc text.usetex option can not be used unless TeX-3.1415 or later is installed on your system
  'installed on your system') % tex_req)
/group/hepheno/heptools/anaconda3/envs/venv_py27/lib/python2.7/site-packages/matplotlib/__init__.py:513: UserWarning: matplotlibrc text.usetex option can not be used unless TeX-3.1415 or later is installed on your system
  'installed on your system') % tex_req)
/group/hepheno/heptools/anaconda3/envs/venv_py27/lib/python2.7/site-packages/matplotlib/__init__.py:513: UserWarning: matplotlibrc text.usetex option can not be used unless TeX-3.1415 or later is installed on your system
  'installed on your system') % tex_req)
 *****************************************************
 MultiNest v3.10
 Copyright Farhan Feroz & Mike Hobson
 Release Jul 2015

 no. of live points =  500
 dimensionality =    4
 *****************************************************
 Starting MultiNest
 generating live points
 live points generated, starting sampling
Acceptance Rate:                        0.998185
Replacements:                                550
Total Samples:                               551
Nested Sampling ln(Z):            -269499.220587
Acceptance Rate:                        0.986842
Replacements:                                600
Total Samples:                               608
Nested Sampling ln(Z):             -31699.549777
Acceptance Rate:                        0.965825
Replacements:                                650
Total Samples:                               673
Nested Sampling ln(Z):              -6307.074287
Acceptance Rate:                        0.938338
Replacements:                                700
Total Samples:                               746
Nested Sampling ln(Z):              -2320.773878
Acceptance Rate:                        0.903614
Replacements:                                750
Total Samples:                               830
Nested Sampling ln(Z):               -823.069541
Acceptance Rate:                        0.871460
Replacements:                                800
Total Samples:                               918
Nested Sampling ln(Z):               -648.070145
Acceptance Rate:                        0.854271
Replacements:                                850
Total Samples:                               995
Nested Sampling ln(Z):               -587.552427
Acceptance Rate:                        0.811542
Replacements:                                900
Total Samples:                              1109
Nested Sampling ln(Z):               -547.039547
Acceptance Rate:                        0.773616
Replacements:                                950
Total Samples:                              1228
Nested Sampling ln(Z):               -514.953214
Acceptance Rate:                        0.736377
Replacements:                               1000
Total Samples:                              1358
Nested Sampling ln(Z):               -487.287628
Acceptance Rate:                        0.709939
Replacements:                               1050
Total Samples:                              1479
Nested Sampling ln(Z):               -466.833214
Acceptance Rate:                        0.663850
Replacements:                               1100
Total Samples:                              1657
Nested Sampling ln(Z):               -447.804683
Acceptance Rate:                        0.622294
Replacements:                               1150
Total Samples:                              1848
Nested Sampling ln(Z):               -428.613658
Acceptance Rate:                        0.583942
Replacements:                               1200
Total Samples:                              2055
Nested Sampling ln(Z):               -414.260984
Acceptance Rate:                        0.553342
Replacements:                               1250
Total Samples:                              2259
Nested Sampling ln(Z):               -400.672267
Acceptance Rate:                        0.530829
Replacements:                               1300
Total Samples:                              2449
Nested Sampling ln(Z):               -389.739569
Acceptance Rate:                        0.513894
Replacements:                               1350
Total Samples:                              2627
Nested Sampling ln(Z):               -380.828626
Acceptance Rate:                        0.513573
Replacements:                               1400
Total Samples:                              2726
Nested Sampling ln(Z):               -371.482958
Acceptance Rate:                        0.511283
Replacements:                               1450
Total Samples:                              2836
Nested Sampling ln(Z):               -364.003651
Acceptance Rate:                        0.512645
Replacements:                               1500
Total Samples:                              2926
Nested Sampling ln(Z):               -356.116381
Acceptance Rate:                        0.514437
Replacements:                               1550
Total Samples:                              3013
Nested Sampling ln(Z):               -350.058381
Acceptance Rate:                        0.514801
Replacements:                               1600
Total Samples:                              3108
Nested Sampling ln(Z):               -346.327020
Acceptance Rate:                        0.510520
Replacements:                               1650
Total Samples:                              3232
Nested Sampling ln(Z):               -342.347490
Acceptance Rate:                        0.507160
Replacements:                               1700
Total Samples:                              3352
Nested Sampling ln(Z):               -338.679609
Acceptance Rate:                        0.504323
Replacements:                               1750
Total Samples:                              3470
Nested Sampling ln(Z):               -336.017301
Acceptance Rate:                        0.500974
Replacements:                               1800
Total Samples:                              3593
Nested Sampling ln(Z):               -334.056675
Acceptance Rate:                        0.500406
Replacements:                               1850
Total Samples:                              3697
Nested Sampling ln(Z):               -332.105094
Acceptance Rate:                        0.496084
Replacements:                               1900
Total Samples:                              3830
Nested Sampling ln(Z):               -330.563397
Acceptance Rate:                        0.492549
Replacements:                               1950
Total Samples:                              3959
Nested Sampling ln(Z):               -329.185601
Acceptance Rate:                        0.486263
Replacements:                               2000
Total Samples:                              4113
Nested Sampling ln(Z):               -327.851994
Acceptance Rate:                        0.482580
Replacements:                               2050
Total Samples:                              4248
Nested Sampling ln(Z):               -326.751663
Acceptance Rate:                        0.477924
Replacements:                               2100
Total Samples:                              4394
Nested Sampling ln(Z):               -325.821345
Acceptance Rate:                        0.473360
Replacements:                               2150
Total Samples:                              4542
Nested Sampling ln(Z):               -325.019143
Acceptance Rate:                        0.468783
Replacements:                               2200
Total Samples:                              4693
Nested Sampling ln(Z):               -324.289836
Acceptance Rate:                        0.463918
Replacements:                               2250
Total Samples:                              4850
Nested Sampling ln(Z):               -323.537065
Acceptance Rate:                        0.461477
Replacements:                               2300
Total Samples:                              4984
Nested Sampling ln(Z):               -322.795766
Acceptance Rate:                        0.457021
Replacements:                               2350
Total Samples:                              5142
Nested Sampling ln(Z):               -322.138863
Acceptance Rate:                        0.454115
Replacements:                               2400
Total Samples:                              5285
Nested Sampling ln(Z):               -321.494777
Acceptance Rate:                        0.447162
Replacements:                               2450
Total Samples:                              5479
Nested Sampling ln(Z):               -320.879060
Acceptance Rate:                        0.440917
Replacements:                               2500
Total Samples:                              5670
Nested Sampling ln(Z):               -320.272517
Acceptance Rate:                        0.439125
Replacements:                               2550
Total Samples:                              5807
Nested Sampling ln(Z):               -319.676576
Acceptance Rate:                        0.435438
Replacements:                               2600
Total Samples:                              5971
Nested Sampling ln(Z):               -319.047673
Acceptance Rate:                        0.433290
Replacements:                               2650
Total Samples:                              6116
Nested Sampling ln(Z):               -318.336687
Acceptance Rate:                        0.429799
Replacements:                               2700
Total Samples:                              6282
Nested Sampling ln(Z):               -317.650797
Acceptance Rate:                        0.427616
Replacements:                               2750
Total Samples:                              6431
Nested Sampling ln(Z):               -316.997863
Acceptance Rate:                        0.423665
Replacements:                               2800
Total Samples:                              6609
Nested Sampling ln(Z):               -316.326988
Acceptance Rate:                        0.416789
Replacements:                               2850
Total Samples:                              6838
Nested Sampling ln(Z):               -315.700171
Acceptance Rate:                        0.415890
Replacements:                               2900
Total Samples:                              6973
Nested Sampling ln(Z):               -315.107743
Acceptance Rate:                        0.414442
Replacements:                               2950
Total Samples:                              7118
Nested Sampling ln(Z):               -314.502463
Acceptance Rate:                        0.412258
Replacements:                               3000
Total Samples:                              7277
Nested Sampling ln(Z):               -313.896796
Acceptance Rate:                        0.407373
Replacements:                               3050
Total Samples:                              7487
Nested Sampling ln(Z):               -313.318553
Acceptance Rate:                        0.405919
Replacements:                               3100
Total Samples:                              7637
Nested Sampling ln(Z):               -312.800693
Acceptance Rate:                        0.405771
Replacements:                               3150
Total Samples:                              7763
Nested Sampling ln(Z):               -312.318946
Acceptance Rate:                        0.404756
Replacements:                               3200
Total Samples:                              7906
Nested Sampling ln(Z):               -311.854658
Acceptance Rate:                        0.402626
Replacements:                               3250
Total Samples:                              8072
Nested Sampling ln(Z):               -311.431347
Acceptance Rate:                        0.400777
Replacements:                               3300
Total Samples:                              8234
Nested Sampling ln(Z):               -311.015242
Acceptance Rate:                        0.400143
Replacements:                               3350
Total Samples:                              8372
Nested Sampling ln(Z):               -310.577578
Acceptance Rate:                        0.398593
Replacements:                               3400
Total Samples:                              8530
Nested Sampling ln(Z):               -310.147113
Acceptance Rate:                        0.396917
Replacements:                               3450
Total Samples:                              8692
Nested Sampling ln(Z):               -309.748986
Acceptance Rate:                        0.394677
Replacements:                               3500
Total Samples:                              8868
Nested Sampling ln(Z):               -309.389866
Acceptance Rate:                        0.392482
Replacements:                               3550
Total Samples:                              9045
Nested Sampling ln(Z):               -309.057764
Acceptance Rate:                        0.391815
Replacements:                               3600
Total Samples:                              9188
Nested Sampling ln(Z):               -308.745253
Acceptance Rate:                        0.390625
Replacements:                               3650
Total Samples:                              9344
Nested Sampling ln(Z):               -308.454985

 MultiNest Warning!
 Parameter            3  of mode            1  is converging towards the edge of the prior.
Acceptance Rate:                        0.388329
Replacements:                               3700
Total Samples:                              9528
Nested Sampling ln(Z):               -308.189115
Acceptance Rate:                        0.386718
Replacements:                               3750
Total Samples:                              9697
Nested Sampling ln(Z):               -307.937881

 MultiNest Warning!
 Parameter            3  of mode            1  is converging towards the edge of the prior.
Acceptance Rate:                        0.385748
Replacements:                               3800
Total Samples:                              9851
Nested Sampling ln(Z):               -307.697314
Acceptance Rate:                        0.383046
Replacements:                               3850
Total Samples:                             10051
Nested Sampling ln(Z):               -307.460753

 MultiNest Warning!
 Parameter            3  of mode            1  is converging towards the edge of the prior.
Acceptance Rate:                        0.381567
Replacements:                               3900
Total Samples:                             10221
Nested Sampling ln(Z):               -307.240866
Acceptance Rate:                        0.378933
Replacements:                               3950
Total Samples:                             10424
Nested Sampling ln(Z):               -307.037381

 MultiNest Warning!
 Parameter            3  of mode            1  is converging towards the edge of the prior.
Acceptance Rate:                        0.376790
Replacements:                               4000
Total Samples:                             10616
Nested Sampling ln(Z):               -306.846979
Acceptance Rate:                        0.374896
Replacements:                               4050
Total Samples:                             10803
Nested Sampling ln(Z):               -306.659850

 MultiNest Warning!
 Parameter            3  of mode            1  is converging towards the edge of the prior.
Acceptance Rate:                        0.373134
Replacements:                               4100
Total Samples:                             10988
Nested Sampling ln(Z):               -306.477939
Acceptance Rate:                        0.369875
Replacements:                               4150
Total Samples:                             11220
Nested Sampling ln(Z):               -306.308276

 MultiNest Warning!
 Parameter            3  of mode            1  is converging towards the edge of the prior.
Acceptance Rate:                        0.367454
Replacements:                               4200
Total Samples:                             11430
Nested Sampling ln(Z):               -306.154526
Acceptance Rate:                        0.365780
Replacements:                               4250
Total Samples:                             11619
Nested Sampling ln(Z):               -306.012925

 MultiNest Warning!
 Parameter            3  of mode            1  is converging towards the edge of the prior.
Acceptance Rate:                        0.363452
Replacements:                               4300
Total Samples:                             11831
Nested Sampling ln(Z):               -305.880916
Acceptance Rate:                        0.362228
Replacements:                               4350
Total Samples:                             12009
Nested Sampling ln(Z):               -305.753782

 MultiNest Warning!
 Parameter            3  of mode            1  is converging towards the edge of the prior.
Acceptance Rate:                        0.360685
Replacements:                               4400
Total Samples:                             12199
Nested Sampling ln(Z):               -305.635397
Acceptance Rate:                        0.359074
Replacements:                               4450
Total Samples:                             12393
Nested Sampling ln(Z):               -305.522595

 MultiNest Warning!
 Parameter            3  of mode            1  is converging towards the edge of the prior.
Acceptance Rate:                        0.357427
Replacements:                               4500
Total Samples:                             12590
Nested Sampling ln(Z):               -305.415107
Acceptance Rate:                        0.356919
Replacements:                               4550
Total Samples:                             12748
Nested Sampling ln(Z):               -305.311169

 MultiNest Warning!
 Parameter            3  of mode            1  is converging towards the edge of the prior.
Acceptance Rate:                        0.354555
Replacements:                               4600
Total Samples:                             12974
Nested Sampling ln(Z):               -305.211066
Acceptance Rate:                        0.352513
Replacements:                               4650
Total Samples:                             13191
Nested Sampling ln(Z):               -305.116556

 MultiNest Warning!
 Parameter            3  of mode            1  is converging towards the edge of the prior.
Acceptance Rate:                        0.351139
Replacements:                               4700
Total Samples:                             13385
Nested Sampling ln(Z):               -305.026417
Acceptance Rate:                        0.349676
Replacements:                               4750
Total Samples:                             13584
Nested Sampling ln(Z):               -304.942312

 MultiNest Warning!
 Parameter            3  of mode            1  is converging towards the edge of the prior.
Acceptance Rate:                        0.348356
Replacements:                               4800
Total Samples:                             13779
Nested Sampling ln(Z):               -304.862256
Acceptance Rate:                        0.346974
Replacements:                               4850
Total Samples:                             13978
Nested Sampling ln(Z):               -304.787126

 MultiNest Warning!
 Parameter            3  of mode            1  is converging towards the edge of the prior.
Acceptance Rate:                        0.345435
Replacements:                               4900
Total Samples:                             14185
Nested Sampling ln(Z):               -304.715789
Acceptance Rate:                        0.344252
Replacements:                               4950
Total Samples:                             14379
Nested Sampling ln(Z):               -304.649107

 MultiNest Warning!
 Parameter            3  of mode            1  is converging towards the edge of the prior.
Acceptance Rate:                        0.343053
Replacements:                               5000
Total Samples:                             14575
Nested Sampling ln(Z):               -304.586352
Acceptance Rate:                        0.341701
Replacements:                               5050
Total Samples:                             14779
Nested Sampling ln(Z):               -304.527179

 MultiNest Warning!
 Parameter            3  of mode            1  is converging towards the edge of the prior.
Acceptance Rate:                        0.340659
Replacements:                               5100
Total Samples:                             14971
Nested Sampling ln(Z):               -304.471434
Acceptance Rate:                        0.338259
Replacements:                               5150
Total Samples:                             15225
Nested Sampling ln(Z):               -304.418780

 MultiNest Warning!
 Parameter            3  of mode            1  is converging towards the edge of the prior.
Acceptance Rate:                        0.334728
Replacements:                               5200
Total Samples:                             15535
Nested Sampling ln(Z):               -304.368688
Acceptance Rate:                        0.334140
Replacements:                               5250
Total Samples:                             15712
Nested Sampling ln(Z):               -304.321163

 MultiNest Warning!
 Parameter            3  of mode            1  is converging towards the edge of the prior.
Acceptance Rate:                        0.332643
Replacements:                               5300
Total Samples:                             15933
Nested Sampling ln(Z):               -304.276327
Acceptance Rate:                        0.331557
Replacements:                               5350
Total Samples:                             16136
Nested Sampling ln(Z):               -304.233938

 MultiNest Warning!
 Parameter            3  of mode            1  is converging towards the edge of the prior.
Acceptance Rate:                        0.330477
Replacements:                               5400
Total Samples:                             16340
Nested Sampling ln(Z):               -304.193936
Acceptance Rate:                        0.329265
Replacements:                               5450
Total Samples:                             16552
Nested Sampling ln(Z):               -304.156747

 MultiNest Warning!
 Parameter            3  of mode            1  is converging towards the edge of the prior.
Acceptance Rate:                        0.327830
Replacements:                               5500
Total Samples:                             16777
Nested Sampling ln(Z):               -304.122110
Acceptance Rate:                        0.326355
Replacements:                               5550
Total Samples:                             17006
Nested Sampling ln(Z):               -304.089982

 MultiNest Warning!
 Parameter            3  of mode            1  is converging towards the edge of the prior.
Acceptance Rate:                        0.325695
Replacements:                               5600
Total Samples:                             17194
Nested Sampling ln(Z):               -304.059789
Acceptance Rate:                        0.324638
Replacements:                               5650
Total Samples:                             17404
Nested Sampling ln(Z):               -304.031577

 MultiNest Warning!
 Parameter            3  of mode            1  is converging towards the edge of the prior.
Acceptance Rate:                        0.323588
Replacements:                               5700
Total Samples:                             17615
Nested Sampling ln(Z):               -304.005393
Acceptance Rate:                        0.322472
Replacements:                               5750
Total Samples:                             17831
Nested Sampling ln(Z):               -303.980902

 MultiNest Warning!
 Parameter            3  of mode            1  is converging towards the edge of the prior.
Acceptance Rate:                        0.320903
Replacements:                               5800
Total Samples:                             18074
Nested Sampling ln(Z):               -303.957929
Acceptance Rate:                        0.319201
Replacements:                               5850
Total Samples:                             18327
Nested Sampling ln(Z):               -303.936495
Acceptance Rate:                        0.318197
Replacements:                               5886
Total Samples:                             18498
Nested Sampling ln(Z):               -303.921916
 ln(ev)=  -303.67766792179367      +/-  0.12363323832610720     
 Total Likelihood Evaluations:        18498
 Sampling finished. Exiting MultiNest
