/group/hepheno/heptools/anaconda3/envs/venv_py27/lib/python2.7/site-packages/matplotlib/__init__.py:513: UserWarning: matplotlibrc text.usetex option can not be used unless TeX-3.1415 or later is installed on your system
  'installed on your system') % tex_req)
/group/hepheno/heptools/anaconda3/envs/venv_py27/lib/python2.7/site-packages/matplotlib/__init__.py:513: UserWarning: matplotlibrc text.usetex option can not be used unless TeX-3.1415 or later is installed on your system
  'installed on your system') % tex_req)
/group/hepheno/heptools/anaconda3/envs/venv_py27/lib/python2.7/site-packages/matplotlib/__init__.py:513: UserWarning: matplotlibrc text.usetex option can not be used unless TeX-3.1415 or later is installed on your system
  'installed on your system') % tex_req)
/group/hepheno/heptools/anaconda3/envs/venv_py27/lib/python2.7/site-packages/matplotlib/__init__.py:513: UserWarning: matplotlibrc text.usetex option can not be used unless TeX-3.1415 or later is installed on your system
  'installed on your system') % tex_req)
/group/hepheno/heptools/anaconda3/envs/venv_py27/lib/python2.7/site-packages/matplotlib/__init__.py:513: UserWarning: matplotlibrc text.usetex option can not be used unless TeX-3.1415 or later is installed on your system
  'installed on your system') % tex_req)
/group/hepheno/heptools/anaconda3/envs/venv_py27/lib/python2.7/site-packages/matplotlib/__init__.py:513: UserWarning: matplotlibrc text.usetex option can not be used unless TeX-3.1415 or later is installed on your system
  'installed on your system') % tex_req)
/group/hepheno/heptools/anaconda3/envs/venv_py27/lib/python2.7/site-packages/matplotlib/__init__.py:513: UserWarning: matplotlibrc text.usetex option can not be used unless TeX-3.1415 or later is installed on your system
  'installed on your system') % tex_req)
/group/hepheno/heptools/anaconda3/envs/venv_py27/lib/python2.7/site-packages/matplotlib/__init__.py:513: UserWarning: matplotlibrc text.usetex option can not be used unless TeX-3.1415 or later is installed on your system
  'installed on your system') % tex_req)
/group/hepheno/heptools/anaconda3/envs/venv_py27/lib/python2.7/site-packages/matplotlib/__init__.py:513: UserWarning: matplotlibrc text.usetex option can not be used unless TeX-3.1415 or later is installed on your system
  'installed on your system') % tex_req)
/group/hepheno/heptools/anaconda3/envs/venv_py27/lib/python2.7/site-packages/matplotlib/__init__.py:513: UserWarning: matplotlibrc text.usetex option can not be used unless TeX-3.1415 or later is installed on your system
  'installed on your system') % tex_req)
/group/hepheno/heptools/anaconda3/envs/venv_py27/lib/python2.7/site-packages/matplotlib/__init__.py:513: UserWarning: matplotlibrc text.usetex option can not be used unless TeX-3.1415 or later is installed on your system
  'installed on your system') % tex_req)
/group/hepheno/heptools/anaconda3/envs/venv_py27/lib/python2.7/site-packages/matplotlib/__init__.py:513: UserWarning: matplotlibrc text.usetex option can not be used unless TeX-3.1415 or later is installed on your system
  'installed on your system') % tex_req)
 *****************************************************
 MultiNest v3.10
 Copyright Farhan Feroz & Mike Hobson
 Release Jul 2015

 no. of live points =  500
 dimensionality =    5
 *****************************************************
 Starting MultiNest
 generating live points
 live points generated, starting sampling
Acceptance Rate:                        0.994575
Replacements:                                550
Total Samples:                               553
Nested Sampling ln(Z):            -143589.906493
Acceptance Rate:                        0.970874
Replacements:                                600
Total Samples:                               618
Nested Sampling ln(Z):             -19902.846454
Acceptance Rate:                        0.955882
Replacements:                                650
Total Samples:                               680
Nested Sampling ln(Z):              -4254.027146
Acceptance Rate:                        0.925926
Replacements:                                700
Total Samples:                               756
Nested Sampling ln(Z):              -1745.910284
Acceptance Rate:                        0.893921
Replacements:                                750
Total Samples:                               839
Nested Sampling ln(Z):               -802.077180
Acceptance Rate:                        0.875274
Replacements:                                800
Total Samples:                               914
Nested Sampling ln(Z):               -623.323018
Acceptance Rate:                        0.846614
Replacements:                                850
Total Samples:                              1004
Nested Sampling ln(Z):               -581.669259
Acceptance Rate:                        0.813743
Replacements:                                900
Total Samples:                              1106
Nested Sampling ln(Z):               -542.214376
Acceptance Rate:                        0.772986
Replacements:                                950
Total Samples:                              1229
Nested Sampling ln(Z):               -509.825377
Acceptance Rate:                        0.744048
Replacements:                               1000
Total Samples:                              1344
Nested Sampling ln(Z):               -485.440378
Acceptance Rate:                        0.712831
Replacements:                               1050
Total Samples:                              1473
Nested Sampling ln(Z):               -461.705233
Acceptance Rate:                        0.687500
Replacements:                               1100
Total Samples:                              1600
Nested Sampling ln(Z):               -440.251628
Acceptance Rate:                        0.656768
Replacements:                               1150
Total Samples:                              1751
Nested Sampling ln(Z):               -421.886686
Acceptance Rate:                        0.614125
Replacements:                               1200
Total Samples:                              1954
Nested Sampling ln(Z):               -409.739533
Acceptance Rate:                        0.576302
Replacements:                               1250
Total Samples:                              2169
Nested Sampling ln(Z):               -396.409511
Acceptance Rate:                        0.563991
Replacements:                               1300
Total Samples:                              2305
Nested Sampling ln(Z):               -383.018304
Acceptance Rate:                        0.553279
Replacements:                               1350
Total Samples:                              2440
Nested Sampling ln(Z):               -371.956305
Acceptance Rate:                        0.537428
Replacements:                               1400
Total Samples:                              2605
Nested Sampling ln(Z):               -363.742189
Acceptance Rate:                        0.532501
Replacements:                               1450
Total Samples:                              2723
Nested Sampling ln(Z):               -357.391596
Acceptance Rate:                        0.526316
Replacements:                               1500
Total Samples:                              2850
Nested Sampling ln(Z):               -352.713889
Acceptance Rate:                        0.518048
Replacements:                               1550
Total Samples:                              2992
Nested Sampling ln(Z):               -348.425501
Acceptance Rate:                        0.507453
Replacements:                               1600
Total Samples:                              3153
Nested Sampling ln(Z):               -345.009988
Acceptance Rate:                        0.498339
Replacements:                               1650
Total Samples:                              3311
Nested Sampling ln(Z):               -341.908768
Acceptance Rate:                        0.477662
Replacements:                               1700
Total Samples:                              3559
Nested Sampling ln(Z):               -338.947058
Acceptance Rate:                        0.455848
Replacements:                               1750
Total Samples:                              3839
Nested Sampling ln(Z):               -336.882064
Acceptance Rate:                        0.445324
Replacements:                               1800
Total Samples:                              4042
Nested Sampling ln(Z):               -335.245539
Acceptance Rate:                        0.433458
Replacements:                               1850
Total Samples:                              4268
Nested Sampling ln(Z):               -333.490892
Acceptance Rate:                        0.425056
Replacements:                               1900
Total Samples:                              4470
Nested Sampling ln(Z):               -331.894595
Acceptance Rate:                        0.414101
Replacements:                               1950
Total Samples:                              4709
Nested Sampling ln(Z):               -330.555624
Acceptance Rate:                        0.407166
Replacements:                               2000
Total Samples:                              4912
Nested Sampling ln(Z):               -329.445080
Acceptance Rate:                        0.393248
Replacements:                               2050
Total Samples:                              5213
Nested Sampling ln(Z):               -328.591051
Acceptance Rate:                        0.381264
Replacements:                               2100
Total Samples:                              5508
Nested Sampling ln(Z):               -327.724378
Acceptance Rate:                        0.375087
Replacements:                               2150
Total Samples:                              5732
Nested Sampling ln(Z):               -326.801074
Acceptance Rate:                        0.367279
Replacements:                               2200
Total Samples:                              5990
Nested Sampling ln(Z):               -325.933900
Acceptance Rate:                        0.357654
Replacements:                               2250
Total Samples:                              6291
Nested Sampling ln(Z):               -325.113553
Acceptance Rate:                        0.344466
Replacements:                               2300
Total Samples:                              6677
Nested Sampling ln(Z):               -324.273945
Acceptance Rate:                        0.337401
Replacements:                               2350
Total Samples:                              6965
Nested Sampling ln(Z):               -323.534017
Acceptance Rate:                        0.330852
Replacements:                               2400
Total Samples:                              7254
Nested Sampling ln(Z):               -322.796979
Acceptance Rate:                        0.324117
Replacements:                               2450
Total Samples:                              7559
Nested Sampling ln(Z):               -322.082528
Acceptance Rate:                        0.319285
Replacements:                               2500
Total Samples:                              7830
Nested Sampling ln(Z):               -321.382669
Acceptance Rate:                        0.312922
Replacements:                               2550
Total Samples:                              8149
Nested Sampling ln(Z):               -320.650778
Acceptance Rate:                        0.306785
Replacements:                               2600
Total Samples:                              8475
Nested Sampling ln(Z):               -319.981081
Acceptance Rate:                        0.302892
Replacements:                               2650
Total Samples:                              8749
Nested Sampling ln(Z):               -319.303251
Acceptance Rate:                        0.298540
Replacements:                               2700
Total Samples:                              9044
Nested Sampling ln(Z):               -318.655837
Acceptance Rate:                        0.293114
Replacements:                               2750
Total Samples:                              9382
Nested Sampling ln(Z):               -317.938782
Acceptance Rate:                        0.289017
Replacements:                               2800
Total Samples:                              9688
Nested Sampling ln(Z):               -317.327542
Acceptance Rate:                        0.286145
Replacements:                               2850
Total Samples:                              9960
Nested Sampling ln(Z):               -316.696800
Acceptance Rate:                        0.281499
Replacements:                               2900
Total Samples:                             10302
Nested Sampling ln(Z):               -316.113261
Acceptance Rate:                        0.278565
Replacements:                               2950
Total Samples:                             10590
Nested Sampling ln(Z):               -315.567578
Acceptance Rate:                        0.276727
Replacements:                               3000
Total Samples:                             10841
Nested Sampling ln(Z):               -315.058536
Acceptance Rate:                        0.274923
Replacements:                               3050
Total Samples:                             11094
Nested Sampling ln(Z):               -314.511844
Acceptance Rate:                        0.271620
Replacements:                               3100
Total Samples:                             11413
Nested Sampling ln(Z):               -313.920312
Acceptance Rate:                        0.268771
Replacements:                               3150
Total Samples:                             11720
Nested Sampling ln(Z):               -313.316783
Acceptance Rate:                        0.264092
Replacements:                               3200
Total Samples:                             12117
Nested Sampling ln(Z):               -312.782352
Acceptance Rate:                        0.261191
Replacements:                               3250
Total Samples:                             12443
Nested Sampling ln(Z):               -312.310918
Acceptance Rate:                        0.259128
Replacements:                               3300
Total Samples:                             12735
Nested Sampling ln(Z):               -311.857422
Acceptance Rate:                        0.255374
Replacements:                               3350
Total Samples:                             13118
Nested Sampling ln(Z):               -311.439649
Acceptance Rate:                        0.252920
Replacements:                               3400
Total Samples:                             13443
Nested Sampling ln(Z):               -311.070497
Acceptance Rate:                        0.251201
Replacements:                               3450
Total Samples:                             13734
Nested Sampling ln(Z):               -310.704722
Acceptance Rate:                        0.248456
Replacements:                               3500
Total Samples:                             14087
Nested Sampling ln(Z):               -310.338299
Acceptance Rate:                        0.247767
Replacements:                               3550
Total Samples:                             14328
Nested Sampling ln(Z):               -309.988124
Acceptance Rate:                        0.246558
Replacements:                               3600
Total Samples:                             14601
Nested Sampling ln(Z):               -309.667865
Acceptance Rate:                        0.245907
Replacements:                               3650
Total Samples:                             14843
Nested Sampling ln(Z):               -309.363362
Acceptance Rate:                        0.243037
Replacements:                               3700
Total Samples:                             15224
Nested Sampling ln(Z):               -309.064858
Acceptance Rate:                        0.239785
Replacements:                               3750
Total Samples:                             15639
Nested Sampling ln(Z):               -308.774362
Acceptance Rate:                        0.237056
Replacements:                               3800
Total Samples:                             16030
Nested Sampling ln(Z):               -308.497879
Acceptance Rate:                        0.234914
Replacements:                               3850
Total Samples:                             16389
Nested Sampling ln(Z):               -308.245076
Acceptance Rate:                        0.233421
Replacements:                               3900
Total Samples:                             16708
Nested Sampling ln(Z):               -308.001534
Acceptance Rate:                        0.231780
Replacements:                               3950
Total Samples:                             17042
Nested Sampling ln(Z):               -307.756814
Acceptance Rate:                        0.229318
Replacements:                               4000
Total Samples:                             17443
Nested Sampling ln(Z):               -307.520773
Acceptance Rate:                        0.226840
Replacements:                               4050
Total Samples:                             17854
Nested Sampling ln(Z):               -307.306404
Acceptance Rate:                        0.223897
Replacements:                               4100
Total Samples:                             18312
Nested Sampling ln(Z):               -307.102306
Acceptance Rate:                        0.223118
Replacements:                               4150
Total Samples:                             18600
Nested Sampling ln(Z):               -306.908617
Acceptance Rate:                        0.219895
Replacements:                               4200
Total Samples:                             19100
Nested Sampling ln(Z):               -306.721191
Acceptance Rate:                        0.219366
Replacements:                               4250
Total Samples:                             19374
Nested Sampling ln(Z):               -306.545632
Acceptance Rate:                        0.218186
Replacements:                               4300
Total Samples:                             19708
Nested Sampling ln(Z):               -306.381641
Acceptance Rate:                        0.217001
Replacements:                               4350
Total Samples:                             20046
Nested Sampling ln(Z):               -306.224490
Acceptance Rate:                        0.214467
Replacements:                               4400
Total Samples:                             20516
Nested Sampling ln(Z):               -306.072626
Acceptance Rate:                        0.213296
Replacements:                               4450
Total Samples:                             20863
Nested Sampling ln(Z):               -305.929560

 MultiNest Warning!
 Parameter            4  of mode            1  is converging towards the edge of the prior.
Acceptance Rate:                        0.211159
Replacements:                               4500
Total Samples:                             21311
Nested Sampling ln(Z):               -305.793304
Acceptance Rate:                        0.209195
Replacements:                               4550
Total Samples:                             21750
Nested Sampling ln(Z):               -305.666086

 MultiNest Warning!
 Parameter            4  of mode            1  is converging towards the edge of the prior.
Acceptance Rate:                        0.208437
Replacements:                               4600
Total Samples:                             22069
Nested Sampling ln(Z):               -305.547587
Acceptance Rate:                        0.207108
Replacements:                               4650
Total Samples:                             22452
Nested Sampling ln(Z):               -305.430976

 MultiNest Warning!
 Parameter            4  of mode            1  is converging towards the edge of the prior.
Acceptance Rate:                        0.205671
Replacements:                               4700
Total Samples:                             22852
Nested Sampling ln(Z):               -305.316918
Acceptance Rate:                        0.204927
Replacements:                               4750
Total Samples:                             23179
Nested Sampling ln(Z):               -305.205633

 MultiNest Warning!
 Parameter            4  of mode            1  is converging towards the edge of the prior.
Acceptance Rate:                        0.203209
Replacements:                               4800
Total Samples:                             23621
Nested Sampling ln(Z):               -305.098919
Acceptance Rate:                        0.201605
Replacements:                               4850
Total Samples:                             24057
Nested Sampling ln(Z):               -304.996296

 MultiNest Warning!
 Parameter            4  of mode            1  is converging towards the edge of the prior.
Acceptance Rate:                        0.199650
Replacements:                               4900
Total Samples:                             24543
Nested Sampling ln(Z):               -304.899369
Acceptance Rate:                        0.198460
Replacements:                               4950
Total Samples:                             24942
Nested Sampling ln(Z):               -304.808788

 MultiNest Warning!
 Parameter            4  of mode            1  is converging towards the edge of the prior.
Acceptance Rate:                        0.197363
Replacements:                               5000
Total Samples:                             25334
Nested Sampling ln(Z):               -304.724805
Acceptance Rate:                        0.195797
Replacements:                               5050
Total Samples:                             25792
Nested Sampling ln(Z):               -304.645655

 MultiNest Warning!
 Parameter            4  of mode            1  is converging towards the edge of the prior.
Acceptance Rate:                        0.194775
Replacements:                               5100
Total Samples:                             26184
Nested Sampling ln(Z):               -304.570835
Acceptance Rate:                        0.193159
Replacements:                               5150
Total Samples:                             26662
Nested Sampling ln(Z):               -304.499620

 MultiNest Warning!
 Parameter            4  of mode            1  is converging towards the edge of the prior.
Acceptance Rate:                        0.191931
Replacements:                               5200
Total Samples:                             27093
Nested Sampling ln(Z):               -304.432201
Acceptance Rate:                        0.190618
Replacements:                               5250
Total Samples:                             27542
Nested Sampling ln(Z):               -304.369194

 MultiNest Warning!
 Parameter            4  of mode            1  is converging towards the edge of the prior.
Acceptance Rate:                        0.189441
Replacements:                               5300
Total Samples:                             27977
Nested Sampling ln(Z):               -304.309040
Acceptance Rate:                        0.187463
Replacements:                               5350
Total Samples:                             28539
Nested Sampling ln(Z):               -304.252314

 MultiNest Warning!
 Parameter            4  of mode            1  is converging towards the edge of the prior.
Acceptance Rate:                        0.185976
Replacements:                               5400
Total Samples:                             29036
Nested Sampling ln(Z):               -304.199175
Acceptance Rate:                        0.185116
Replacements:                               5450
Total Samples:                             29441
Nested Sampling ln(Z):               -304.148897

 MultiNest Warning!
 Parameter            4  of mode            1  is converging towards the edge of the prior.
Acceptance Rate:                        0.183627
Replacements:                               5500
Total Samples:                             29952
Nested Sampling ln(Z):               -304.101436
Acceptance Rate:                        0.182794
Replacements:                               5550
Total Samples:                             30362
Nested Sampling ln(Z):               -304.056137

 MultiNest Warning!
 Parameter            4  of mode            1  is converging towards the edge of the prior.
Acceptance Rate:                        0.181013
Replacements:                               5600
Total Samples:                             30937
Nested Sampling ln(Z):               -304.013530
Acceptance Rate:                        0.179885
Replacements:                               5650
Total Samples:                             31409
Nested Sampling ln(Z):               -303.973577

 MultiNest Warning!
 Parameter            4  of mode            1  is converging towards the edge of the prior.
Acceptance Rate:                        0.178370
Replacements:                               5700
Total Samples:                             31956
Nested Sampling ln(Z):               -303.936325
Acceptance Rate:                        0.177497
Replacements:                               5750
Total Samples:                             32395
Nested Sampling ln(Z):               -303.901872

 MultiNest Warning!
 Parameter            4  of mode            1  is converging towards the edge of the prior.
Acceptance Rate:                        0.176088
Replacements:                               5800
Total Samples:                             32938
Nested Sampling ln(Z):               -303.869934
Acceptance Rate:                        0.175554
Replacements:                               5850
Total Samples:                             33323
Nested Sampling ln(Z):               -303.840097

 MultiNest Warning!
 Parameter            4  of mode            1  is converging towards the edge of the prior.
Acceptance Rate:                        0.175121
Replacements:                               5900
Total Samples:                             33691
Nested Sampling ln(Z):               -303.812033
Acceptance Rate:                        0.174145
Replacements:                               5950
Total Samples:                             34167
Nested Sampling ln(Z):               -303.785598

 MultiNest Warning!
 Parameter            4  of mode            1  is converging towards the edge of the prior.
Acceptance Rate:                        0.173666
Replacements:                               6000
Total Samples:                             34549
Nested Sampling ln(Z):               -303.761163
Acceptance Rate:                        0.172492
Replacements:                               6050
Total Samples:                             35074
Nested Sampling ln(Z):               -303.738569

 MultiNest Warning!
 Parameter            4  of mode            1  is converging towards the edge of the prior.
Acceptance Rate:                        0.171705
Replacements:                               6100
Total Samples:                             35526
Nested Sampling ln(Z):               -303.717568
Acceptance Rate:                        0.171242
Replacements:                               6150
Total Samples:                             35914
Nested Sampling ln(Z):               -303.697979

 MultiNest Warning!
 Parameter            4  of mode            1  is converging towards the edge of the prior.
Acceptance Rate:                        0.170073
Replacements:                               6200
Total Samples:                             36455
Nested Sampling ln(Z):               -303.679601
Acceptance Rate:                        0.169216
Replacements:                               6250
Total Samples:                             36935
Nested Sampling ln(Z):               -303.662291
Acceptance Rate:                        0.168884
Replacements:                               6270
Total Samples:                             37126
Nested Sampling ln(Z):               -303.655687
 ln(ev)=  -303.44803218362222      +/-  0.12769367813874280     
 Total Likelihood Evaluations:        37126
 Sampling finished. Exiting MultiNest
